<?xml version="1.0" encoding="UTF-8"?>
<!-- Generated by org.testng.reporters.JUnitReportReporter -->
<testsuite hostname="LAPTOP-D1F79DFF" failures="0" tests="1" name="Automation_Framework_From_Scratch.SeleniumAutomationFramework.AppTest" time="0.006" errors="0" timestamp="2024-05-29T12:23:01 CDT" skipped="0">
  <testcase classname="Automation_Framework_From_Scratch.SeleniumAutomationFramework.AppTest" name="shouldAnswerWithTrue" time="0.006"/>
  <system-out/>
</testsuite> <!-- Automation_Framework_From_Scratch.SeleniumAutomationFramework.AppTest -->
